<?xml version="1.0" encoding="UTF-8"?>
<!-- Generated by org.testng.reporters.JUnitReportReporter -->
<testsuite hostname="IN3091888W1" failures="0" tests="2" name="com.Functionalities.AppTest2" time="111.856" errors="0" timestamp="2022-02-23T09:57:42 IST" skipped="0">
  <testcase classname="com.Functionalities.AppTest2" name="registration" time="61.187"/>
  <system-out/>
  <testcase classname="com.Functionalities.AppTest2" name="login" time="50.669"/>
  <system-out/>
</testsuite> <!-- com.Functionalities.AppTest2 -->
